<?xml version="1.0" encoding="UTF-8"?>
<!-- Generated by org.testng.reporters.JUnitXMLReporter -->
<testsuite hostname="INDRAJITs-MacBook-Air.local" ignored="3" name="Default test" tests="1" failures="0" timestamp="2020-12-08T12:40:38 IST" time="29.645" errors="0">
  <testcase name="ElementsSection" time="16.503" classname="testscripts.DemoQa"/>
  <testcase name="CheckBox" time="0.0" classname="testscripts.DemoQa">
    <ignored/>
  </testcase> <!-- CheckBox -->
  <testcase name="Forms" time="0.0" classname="testscripts.DemoQa">
    <ignored/>
  </testcase> <!-- Forms -->
  <testcase name="Webtable" time="0.0" classname="testscripts.DemoQa">
    <ignored/>
  </testcase> <!-- Webtable -->
</testsuite> <!-- Default test -->
