<?xml version="1.0" encoding="UTF-8"?>
<testng-results skipped="0" failed="0" ignored="3" total="4" passed="1">
  <reporter-output>
  </reporter-output>
  <suite name="Default suite" duration-ms="29645" started-at="2020-12-08T12:40:03 IST" finished-at="2020-12-08T12:40:33 IST">
    <groups>
    </groups>
    <test name="Default test" duration-ms="29645" started-at="2020-12-08T12:40:03 IST" finished-at="2020-12-08T12:40:33 IST">
      <class name="testscripts.DemoQa">
        <test-method status="PASS" signature="setUp()[pri:0, instance:testscripts.DemoQa@76a3e297]" name="setUp" is-config="true" duration-ms="12978" started-at="2020-12-08T12:40:03 IST" finished-at="2020-12-08T12:40:16 IST">
          <reporter-output>
          </reporter-output>
        </test-method> <!-- setUp -->
        <test-method status="PASS" signature="ElementsSection()[pri:0, instance:testscripts.DemoQa@76a3e297]" name="ElementsSection" duration-ms="16503" started-at="2020-12-08T12:40:16 IST" finished-at="2020-12-08T12:40:33 IST">
          <reporter-output>
          </reporter-output>
        </test-method> <!-- ElementsSection -->
        <test-method status="PASS" signature="tearDown()[pri:0, instance:testscripts.DemoQa@76a3e297]" name="tearDown" is-config="true" duration-ms="108" started-at="2020-12-08T12:40:33 IST" finished-at="2020-12-08T12:40:33 IST">
          <reporter-output>
          </reporter-output>
        </test-method> <!-- tearDown -->
      </class> <!-- testscripts.DemoQa -->
    </test> <!-- Default test -->
  </suite> <!-- Default suite -->
</testng-results>
