<?xml version="1.0" encoding="UTF-8"?>
<testng-results skipped="0" failed="0" ignored="0" total="1" passed="1">
  <reporter-output>
  </reporter-output>
  <suite name="Default suite" duration-ms="35167" started-at="2020-09-30T10:53:02 IST" finished-at="2020-09-30T10:53:38 IST">
    <groups>
    </groups>
    <test name="Default test" duration-ms="35167" started-at="2020-09-30T10:53:02 IST" finished-at="2020-09-30T10:53:38 IST">
      <class name="testscripts.TestCase1">
        <test-method status="PASS" signature="setUp()[pri:0, instance:testscripts.TestCase1@36b4cef0]" name="setUp" is-config="true" duration-ms="15860" started-at="2020-09-30T10:53:02 IST" finished-at="2020-09-30T10:53:18 IST">
          <reporter-output>
          </reporter-output>
        </test-method> <!-- setUp -->
        <test-method status="PASS" signature="validateNewUserForm()[pri:0, instance:testscripts.TestCase1@36b4cef0]" name="validateNewUserForm" duration-ms="19112" started-at="2020-09-30T10:53:18 IST" finished-at="2020-09-30T10:53:37 IST">
          <reporter-output>
          </reporter-output>
        </test-method> <!-- validateNewUserForm -->
        <test-method status="PASS" signature="tearDown()[pri:0, instance:testscripts.TestCase1@36b4cef0]" name="tearDown" is-config="true" duration-ms="122" started-at="2020-09-30T10:53:37 IST" finished-at="2020-09-30T10:53:38 IST">
          <reporter-output>
          </reporter-output>
        </test-method> <!-- tearDown -->
      </class> <!-- testscripts.TestCase1 -->
    </test> <!-- Default test -->
  </suite> <!-- Default suite -->
</testng-results>
